Flutter crash report.
Please report a bug at https://github.com/flutter/flutter/issues.

## command

flutter pub get

## exception

FileSystemException: FileSystemException: readInto failed, path = '/Users/mbala/Desktop/cartkaro_partner_hub/ios/Runner/GeneratedPluginRegistrant.h' (OS Error: Operation timed out, errno = 60)

```
#0      _checkForErrorResponse (dart:io/common.dart:58:9)
#1      _RandomAccessFile.readInto.<anonymous closure> (dart:io/file_impl.dart:912:7)
#2      _rootRunUnary (dart:async/zone_root.dart:48:47)
#3      _CustomZone.runUnary (dart:async/zone.dart:733:19)
<asynchronous suspension>
#4      _File.readAsBytes.readSized.read.<anonymous closure> (dart:io/file_impl.dart:625:78)
<asynchronous suspension>
```

## flutter doctor

```
[32m[✓][39m Flutter (Channel stable, 3.41.9, on macOS 26.5.1 25F80 darwin-arm64, locale en-IN) [1,072ms]
    [32m•[39m Flutter version 3.41.9 on channel stable at /opt/homebrew/share/flutter
    [32m•[39m Upstream repository https://github.com/flutter/flutter.git
    [32m•[39m Framework revision 00b0c91f06 (8 weeks ago), 2026-04-29 10:03:19 -0700
    [32m•[39m Engine revision 42d3d75a56
    [32m•[39m Dart version 3.11.5
    [32m•[39m DevTools version 2.54.2
    [32m•[39m Feature flags: enable-web, enable-linux-desktop, enable-macos-desktop, enable-windows-desktop, enable-android, enable-ios, cli-animations,
      enable-native-assets, omit-legacy-version-file, enable-lldb-debugging, enable-uiscene-migration

[32m[✓][39m Android toolchain - develop for Android devices (Android SDK version 36.1.0) [7.4s]
    [32m•[39m Android SDK at /Users/mbala/Library/Android/sdk
    [32m•[39m Emulator version 36.3.10.0 (build_id 14472402) (CL:N/A)
    [32m•[39m Platform android-36, build-tools 36.1.0
    [32m•[39m Java binary at: /Applications/Android Studio.app/Contents/jbr/Contents/Home/bin/java
      This is the JDK bundled with the latest Android Studio installation on this machine.
      To manually set the JDK path, use: `flutter config --jdk-dir="path/to/jdk"`.
    [32m•[39m Java version OpenJDK Runtime Environment (build 21.0.8+-14196175-b1038.72)
    [32m•[39m All Android licenses accepted.

[32m[✓][39m Xcode - develop for iOS and macOS (Xcode 26.5) [3.5s]
    [32m•[39m Xcode at /Applications/Xcode.app/Contents/Developer
    [32m•[39m Build 17F42
    [32m•[39m CocoaPods version 1.16.2

[32m[✓][39m Chrome - develop for the web [39ms]
    [32m•[39m Chrome at /Applications/Google Chrome.app/Contents/MacOS/Google Chrome

[32m[✓][39m Connected device (3 available) [9.9s]
    [32m•[39m RMX3741 (mobile) • WSORS8UCTS457DKJ • android-arm64  • Android 15 (API 35)
    [32m•[39m macOS (desktop)  • macos            • darwin-arm64   • macOS 26.5.1 25F80 darwin-arm64
    [32m•[39m Chrome (web)     • chrome           • web-javascript • Google Chrome 148.0.7778.217

[32m[✓][39m Network resources [4.8s]
    [32m•[39m All expected network resources are available.

[32m•[39m No issues found!
```
